#
# There is insufficient memory for the Java Runtime Environment to continue.
# Cannot create GC thread. Out of system resources.
# Possible reasons:
#   The system is out of physical RAM or swap space
#   The process is running with CompressedOops enabled, and the Java Heap may be blocking the growth of the native heap
# Possible solutions:
#   Reduce memory load on the system
#   Increase physical memory or swap space
#   Check if swap backing store is full
#   Decrease Java heap size (-Xmx/-Xms)
#   Decrease number of Java threads
#   Decrease Java thread stack sizes (-Xss)
#   Set larger code cache with -XX:ReservedCodeCacheSize=
# This output file may be truncated or incomplete.
#
#  Out of Memory Error (gcTaskThread.cpp:48), pid=17892, tid=0x00007f0049ca0700
#
# JRE version:  (8.0_292-b10) (build )
# Java VM: OpenJDK 64-Bit Server VM (25.292-b10 mixed mode linux-amd64 compressed oops)
# Failed to write core dump. Core dumps have been disabled. To enable core dumping, try "ulimit -c unlimited" before starting Java again
#

---------------  T H R E A D  ---------------

Current thread (0x00007f004000b800):  JavaThread "Unknown thread" [_thread_in_vm, id=17896, stack(0x00007f0049ba1000,0x00007f0049ca1000)]

Stack: [0x00007f0049ba1000,0x00007f0049ca1000],  sp=0x00007f0049c9f7d0,  free space=1017k
Native frames: (J=compiled Java code, j=interpreted, Vv=VM code, C=native code)
V  [libjvm.so+0xb6cc82]
V  [libjvm.so+0x4f1a67]
V  [libjvm.so+0x5dac5f]
V  [libjvm.so+0x5d9ded]
V  [libjvm.so+0x9be401]
V  [libjvm.so+0xb2ee0a]
V  [libjvm.so+0xb2f105]
V  [libjvm.so+0x655c9f]
V  [libjvm.so+0xb112b9]
V  [libjvm.so+0x73b50f]  JNI_CreateJavaVM+0x5f
C  [libjli.so+0x2d3f]
C  [libjli.so+0x79bd]
C  [libpthread.so.0+0x7e64]  start_thread+0xe4


---------------  P R O C E S S  ---------------

Java Threads: ( => current thread )

Other Threads:

=>0x00007f004000b800 (exited) JavaThread "Unknown thread" [_thread_in_vm, id=17896, stack(0x00007f0049ba1000,0x00007f0049ca1000)]

VM state:not at safepoint (not fully initialized)

VM Mutex/Monitor currently owned by a thread: None

heap address: 0x0000000085e00000, size: 1954 MB, Compressed Oops mode: Non-zero based:0x0000000085dff000
Narrow klass base: 0x0000000000000000, Narrow klass shift: 0

GC Heap History (0 events):
No events

Deoptimization events (0 events):
No events

Classes redefined (0 events):
No events

Internal exceptions (0 events):
No events

Events (0 events):
No events


Dynamic libraries:
85e00000-8b100000 rw-p 00000000 00:00 0 
8b100000-d7500000 ---p 00000000 00:00 0 
d7500000-d9e00000 rw-p 00000000 00:00 0 
d9e00000-100000000 ---p 00000000 00:00 0 
559f5fd8a000-559f5fd8b000 r-xp 00000000 08:02 2512163                    /usr/lib/jvm/java-8-openjdk-amd64/jre/bin/java
559f5ff8a000-559f5ff8b000 r--p 00000000 08:02 2512163                    /usr/lib/jvm/java-8-openjdk-amd64/jre/bin/java
559f5ff8b000-559f5ff8c000 rw-p 00001000 08:02 2512163                    /usr/lib/jvm/java-8-openjdk-amd64/jre/bin/java
559f61a82000-559f61aa3000 rw-p 00000000 00:00 0                          [heap]
7f0031000000-7f0031270000 rwxp 00000000 00:00 0 
7f0031270000-7f0040000000 ---p 00000000 00:00 0 
7f0040000000-7f0040045000 rw-p 00000000 00:00 0 
7f0040045000-7f0044000000 ---p 00000000 00:00 0 
7f0045227000-7f0045228000 ---p 00000000 00:00 0 
7f0045228000-7f0045328000 rw-p 00000000 00:00 0 
7f0045328000-7f0045329000 ---p 00000000 00:00 0 
7f0045329000-7f0045429000 rw-p 00000000 00:00 0 
7f0045429000-7f004542a000 ---p 00000000 00:00 0 
7f004542a000-7f004552a000 rw-p 00000000 00:00 0 
7f004552a000-7f004552b000 ---p 00000000 00:00 0 
7f004552b000-7f004562b000 rw-p 00000000 00:00 0 
7f004562b000-7f004562c000 ---p 00000000 00:00 0 
7f004562c000-7f004572c000 rw-p 00000000 00:00 0 
7f004572c000-7f004572d000 ---p 00000000 00:00 0 
7f004572d000-7f004582d000 rw-p 00000000 00:00 0 
7f004582d000-7f004582e000 ---p 00000000 00:00 0 
7f004582e000-7f004592e000 rw-p 00000000 00:00 0 
7f004592e000-7f004592f000 ---p 00000000 00:00 0 
7f004592f000-7f0045a59000 rw-p 00000000 00:00 0 
7f0045a59000-7f0045cbb000 ---p 00000000 00:00 0 
7f0045cbb000-7f0045ce5000 rw-p 00000000 00:00 0 
7f0045ce5000-7f0045f46000 ---p 00000000 00:00 0 
7f0045f46000-7f0045f5b000 rw-p 00000000 00:00 0 
7f0045f5b000-7f004608c000 ---p 00000000 00:00 0 
7f004608c000-7f0046097000 rw-p 00000000 00:00 0 
7f0046097000-7f004644d000 ---p 00000000 00:00 0 
7f004644d000-7f0046455000 r-xp 00000000 08:02 2512209                    /usr/lib/jvm/java-8-openjdk-amd64/jre/lib/amd64/libzip.so
7f0046455000-7f0046654000 ---p 00008000 08:02 2512209                    /usr/lib/jvm/java-8-openjdk-amd64/jre/lib/amd64/libzip.so
7f0046654000-7f0046655000 r--p 00007000 08:02 2512209                    /usr/lib/jvm/java-8-openjdk-amd64/jre/lib/amd64/libzip.so
7f0046655000-7f0046656000 rw-p 00008000 08:02 2512209                    /usr/lib/jvm/java-8-openjdk-amd64/jre/lib/amd64/libzip.so
7f0046656000-7f0046661000 r-xp 00000000 08:02 2103041                    /lib/x86_64-linux-gnu/libnss_files-2.28.so
7f0046661000-7f0046860000 ---p 0000b000 08:02 2103041                    /lib/x86_64-linux-gnu/libnss_files-2.28.so
7f0046860000-7f0046861000 r--p 0000a000 08:02 2103041                    /lib/x86_64-linux-gnu/libnss_files-2.28.so
7f0046861000-7f0046862000 rw-p 0000b000 08:02 2103041                    /lib/x86_64-linux-gnu/libnss_files-2.28.so
7f0046862000-7f0046868000 rw-p 00000000 00:00 0 
7f0046868000-7f004687e000 r-xp 00000000 08:02 2103035                    /lib/x86_64-linux-gnu/libnsl-2.28.so
7f004687e000-7f0046a7d000 ---p 00016000 08:02 2103035                    /lib/x86_64-linux-gnu/libnsl-2.28.so
7f0046a7d000-7f0046a7e000 r--p 00015000 08:02 2103035                    /lib/x86_64-linux-gnu/libnsl-2.28.so
7f0046a7e000-7f0046a7f000 rw-p 00016000 08:02 2103035                    /lib/x86_64-linux-gnu/libnsl-2.28.so
7f0046a7f000-7f0046a81000 rw-p 00000000 00:00 0 
7f0046a81000-7f0046a8c000 r-xp 00000000 08:02 2103052                    /lib/x86_64-linux-gnu/libnss_nis-2.28.so
7f0046a8c000-7f0046c8b000 ---p 0000b000 08:02 2103052                    /lib/x86_64-linux-gnu/libnss_nis-2.28.so
7f0046c8b000-7f0046c8c000 r--p 0000a000 08:02 2103052                    /lib/x86_64-linux-gnu/libnss_nis-2.28.so
7f0046c8c000-7f0046c8d000 rw-p 0000b000 08:02 2103052                    /lib/x86_64-linux-gnu/libnss_nis-2.28.so
7f0046c8d000-7f0046c95000 r-xp 00000000 08:02 2103037                    /lib/x86_64-linux-gnu/libnss_compat-2.28.so
7f0046c95000-7f0046e94000 ---p 00008000 08:02 2103037                    /lib/x86_64-linux-gnu/libnss_compat-2.28.so
7f0046e94000-7f0046e95000 r--p 00007000 08:02 2103037                    /lib/x86_64-linux-gnu/libnss_compat-2.28.so
7f0046e95000-7f0046e96000 rw-p 00008000 08:02 2103037                    /lib/x86_64-linux-gnu/libnss_compat-2.28.so
7f0046e96000-7f0046ec0000 r-xp 00000000 08:02 2512190                    /usr/lib/jvm/java-8-openjdk-amd64/jre/lib/amd64/libjava.so
7f0046ec0000-7f00470c0000 ---p 0002a000 08:02 2512190                    /usr/lib/jvm/java-8-openjdk-amd64/jre/lib/amd64/libjava.so
7f00470c0000-7f00470c1000 r--p 0002a000 08:02 2512190                    /usr/lib/jvm/java-8-openjdk-amd64/jre/lib/amd64/libjava.so
7f00470c1000-7f00470c3000 rw-p 0002b000 08:02 2512190                    /usr/lib/jvm/java-8-openjdk-amd64/jre/lib/amd64/libjava.so
7f00470c3000-7f00470d3000 r-xp 00000000 08:02 2512208                    /usr/lib/jvm/java-8-openjdk-amd64/jre/lib/amd64/libverify.so
7f00470d3000-7f00472d2000 ---p 00010000 08:02 2512208                    /usr/lib/jvm/java-8-openjdk-amd64/jre/lib/amd64/libverify.so
7f00472d2000-7f00472d4000 r--p 0000f000 08:02 2512208                    /usr/lib/jvm/java-8-openjdk-amd64/jre/lib/amd64/libverify.so
7f00472d4000-7f00472d5000 rw-p 00011000 08:02 2512208                    /usr/lib/jvm/java-8-openjdk-amd64/jre/lib/amd64/libverify.so
7f00472d5000-7f00472dc000 r-xp 00000000 08:02 2103092                    /lib/x86_64-linux-gnu/librt-2.28.so
7f00472dc000-7f00474db000 ---p 00007000 08:02 2103092                    /lib/x86_64-linux-gnu/librt-2.28.so
7f00474db000-7f00474dc000 r--p 00006000 08:02 2103092                    /lib/x86_64-linux-gnu/librt-2.28.so
7f00474dc000-7f00474dd000 rw-p 00007000 08:02 2103092                    /lib/x86_64-linux-gnu/librt-2.28.so
7f00474dd000-7f00474f4000 r-xp 00000000 08:02 2102988                    /lib/x86_64-linux-gnu/libgcc_s.so.1
7f00474f4000-7f00476f3000 ---p 00017000 08:02 2102988                    /lib/x86_64-linux-gnu/libgcc_s.so.1
7f00476f3000-7f00476f4000 r--p 00016000 08:02 2102988                    /lib/x86_64-linux-gnu/libgcc_s.so.1
7f00476f4000-7f00476f5000 rw-p 00017000 08:02 2102988                    /lib/x86_64-linux-gnu/libgcc_s.so.1
7f00476f5000-7f004787f000 r-xp 00000000 08:02 2103014                    /lib/x86_64-linux-gnu/libm-2.28.so
7f004787f000-7f0047a7e000 ---p 0018a000 08:02 2103014                    /lib/x86_64-linux-gnu/libm-2.28.so
7f0047a7e000-7f0047a7f000 r--p 00189000 08:02 2103014                    /lib/x86_64-linux-gnu/libm-2.28.so
7f0047a7f000-7f0047a80000 rw-p 0018a000 08:02 2103014                    /lib/x86_64-linux-gnu/libm-2.28.so
7f0047a80000-7f0047bf9000 r-xp 00000000 08:02 2504869                    /usr/lib/x86_64-linux-gnu/libstdc++.so.6.0.25
7f0047bf9000-7f0047df9000 ---p 00179000 08:02 2504869                    /usr/lib/x86_64-linux-gnu/libstdc++.so.6.0.25
7f0047df9000-7f0047e03000 r--p 00179000 08:02 2504869                    /usr/lib/x86_64-linux-gnu/libstdc++.so.6.0.25
7f0047e03000-7f0047e05000 rw-p 00183000 08:02 2504869                    /usr/lib/x86_64-linux-gnu/libstdc++.so.6.0.25
7f0047e05000-7f0047e09000 rw-p 00000000 00:00 0 
7f0047e09000-7f0048b79000 r-xp 00000000 08:02 2512212                    /usr/lib/jvm/java-8-openjdk-amd64/jre/lib/amd64/server/libjvm.so
7f0048b79000-7f0048d78000 ---p 00d70000 08:02 2512212                    /usr/lib/jvm/java-8-openjdk-amd64/jre/lib/amd64/server/libjvm.so
7f0048d78000-7f0048e0e000 r--p 00d6f000 08:02 2512212                    /usr/lib/jvm/java-8-openjdk-amd64/jre/lib/amd64/server/libjvm.so
7f0048e0e000-7f0048e37000 rw-p 00e05000 08:02 2512212                    /usr/lib/jvm/java-8-openjdk-amd64/jre/lib/amd64/server/libjvm.so
7f0048e37000-7f0048e6a000 rw-p 00000000 00:00 0 
7f0048e6a000-7f0048e85000 r-xp 00000000 08:02 2103084                    /lib/x86_64-linux-gnu/libpthread-2.28.so
7f0048e85000-7f0049084000 ---p 0001b000 08:02 2103084                    /lib/x86_64-linux-gnu/libpthread-2.28.so
7f0049084000-7f0049085000 r--p 0001a000 08:02 2103084                    /lib/x86_64-linux-gnu/libpthread-2.28.so
7f0049085000-7f0049086000 rw-p 0001b000 08:02 2103084                    /lib/x86_64-linux-gnu/libpthread-2.28.so
7f0049086000-7f004908a000 rw-p 00000000 00:00 0 
7f004908a000-7f004908d000 r-xp 00000000 08:02 2102974                    /lib/x86_64-linux-gnu/libdl-2.28.so
7f004908d000-7f004928c000 ---p 00003000 08:02 2102974                    /lib/x86_64-linux-gnu/libdl-2.28.so
7f004928c000-7f004928d000 r--p 00002000 08:02 2102974                    /lib/x86_64-linux-gnu/libdl-2.28.so
7f004928d000-7f004928e000 rw-p 00003000 08:02 2102974                    /lib/x86_64-linux-gnu/libdl-2.28.so
7f004928e000-7f00492aa000 r-xp 00000000 08:02 2103123                    /lib/x86_64-linux-gnu/libz.so.1.2.11
7f00492aa000-7f00494a9000 ---p 0001c000 08:02 2103123                    /lib/x86_64-linux-gnu/libz.so.1.2.11
7f00494a9000-7f00494aa000 r--p 0001b000 08:02 2103123                    /lib/x86_64-linux-gnu/libz.so.1.2.11
7f00494aa000-7f00494ab000 rw-p 0001c000 08:02 2103123                    /lib/x86_64-linux-gnu/libz.so.1.2.11
7f00494ab000-7f0049689000 r-xp 00000000 08:02 2102953                    /lib/x86_64-linux-gnu/libc-2.28.so
7f0049689000-7f0049888000 ---p 001de000 08:02 2102953                    /lib/x86_64-linux-gnu/libc-2.28.so
7f0049888000-7f004988c000 r--p 001dd000 08:02 2102953                    /lib/x86_64-linux-gnu/libc-2.28.so
7f004988c000-7f004988e000 rw-p 001e1000 08:02 2102953                    /lib/x86_64-linux-gnu/libc-2.28.so
7f004988e000-7f0049892000 rw-p 00000000 00:00 0 
7f0049892000-7f00498a0000 r-xp 00000000 08:02 2512176                    /usr/lib/jvm/java-8-openjdk-amd64/jre/lib/amd64/jli/libjli.so
7f00498a0000-7f0049a9f000 ---p 0000e000 08:02 2512176                    /usr/lib/jvm/java-8-openjdk-amd64/jre/lib/amd64/jli/libjli.so
7f0049a9f000-7f0049aa0000 r--p 0000d000 08:02 2512176                    /usr/lib/jvm/java-8-openjdk-amd64/jre/lib/amd64/jli/libjli.so
7f0049aa0000-7f0049aa1000 rw-p 0000e000 08:02 2512176                    /usr/lib/jvm/java-8-openjdk-amd64/jre/lib/amd64/jli/libjli.so
7f0049aa1000-7f0049ac9000 r-xp 00000000 08:02 2102925                    /lib/x86_64-linux-gnu/ld-2.28.so
7f0049ba0000-7f0049ba1000 ---p 00000000 00:00 0 
7f0049ba1000-7f0049ba4000 ---p 00000000 00:00 0 
7f0049ba4000-7f0049ca3000 rw-p 00000000 00:00 0 
7f0049cbd000-7f0049cc5000 rw-s 00000000 08:02 1180885                    /tmp/hsperfdata_mthuan/17892
7f0049cc5000-7f0049cc6000 rw-p 00000000 00:00 0 
7f0049cc6000-7f0049cc7000 r--p 00000000 00:00 0 
7f0049cc7000-7f0049cc9000 rw-p 00000000 00:00 0 
7f0049cc9000-7f0049cca000 r--p 00028000 08:02 2102925                    /lib/x86_64-linux-gnu/ld-2.28.so
7f0049cca000-7f0049ccb000 rw-p 00029000 08:02 2102925                    /lib/x86_64-linux-gnu/ld-2.28.so
7f0049ccb000-7f0049ccc000 rw-p 00000000 00:00 0 
7ffee9864000-7ffee9885000 rw-p 00000000 00:00 0                          [stack]
7ffee98e6000-7ffee98e9000 r--p 00000000 00:00 0                          [vvar]
7ffee98e9000-7ffee98ea000 r-xp 00000000 00:00 0                          [vdso]
ffffffffff600000-ffffffffff601000 --xp 00000000 00:00 0                  [vsyscall]

VM Arguments:
jvm_args: -Dfile.encoding=UTF-8 
java_command: Network.Server
java_class_path (initial): /home/mthuan/Documents/mysql-connector-java-8.0.23.jar:/home/mthuan/Documents/LGoodDatePicker-11.2.1.jar:/usr/local/netbeans-8.2/java/modules/ext/AbsoluteLayout.jar:/home/mthuan/Documents/gson-2.8.2.jar:/home/mthuan/NetBeansProjects/Messenger_App/build/classes
Launcher Type: SUN_STANDARD

Environment Variables:
JAVA_HOME=/usr/lib/jvm/java-8-openjdk-amd64/jre
PATH=/usr/local/sbin:/usr/local/bin:/usr/sbin:/usr/bin:/sbin:/bin:/usr/games:/usr/local/games:/snap/bin
USERNAME=mthuan
LD_LIBRARY_PATH=/usr/lib/jvm/java-1.8.0-openjdk-amd64/jre/lib/amd64:/usr/lib/jvm/java-1.8.0-openjdk-amd64/jre/lib/i386:
SHELL=/bin/bash
DISPLAY=:0

Signal Handlers:
SIGSEGV: [libjvm.so+0xb6e2e0], sa_mask[0]=11111111011111111101111111111110, sa_flags=SA_RESTART|SA_SIGINFO
SIGBUS: [libjvm.so+0xb6e2e0], sa_mask[0]=11111111011111111101111111111110, sa_flags=SA_RESTART|SA_SIGINFO
SIGFPE: [libjvm.so+0x98e380], sa_mask[0]=11111111011111111101111111111110, sa_flags=SA_RESTART|SA_SIGINFO
SIGPIPE: [libjvm.so+0x98e380], sa_mask[0]=11111111011111111101111111111110, sa_flags=SA_RESTART|SA_SIGINFO
SIGXFSZ: [libjvm.so+0x98e380], sa_mask[0]=11111111011111111101111111111110, sa_flags=SA_RESTART|SA_SIGINFO
SIGILL: [libjvm.so+0x98e380], sa_mask[0]=11111111011111111101111111111110, sa_flags=SA_RESTART|SA_SIGINFO
SIGUSR1: SIG_DFL, sa_mask[0]=00000000000000000000000000000000, sa_flags=none
SIGUSR2: [libjvm.so+0x98e230], sa_mask[0]=00100000000000000000000000000000, sa_flags=SA_RESTART|SA_SIGINFO
SIGHUP: SIG_DFL, sa_mask[0]=00000000000000000000000000000000, sa_flags=none
SIGINT: SIG_IGN, sa_mask[0]=00000000000000000000000000000000, sa_flags=none
SIGTERM: SIG_DFL, sa_mask[0]=00000000000000000000000000000000, sa_flags=none
SIGQUIT: SIG_DFL, sa_mask[0]=00000000000000000000000000000000, sa_flags=none


---------------  S Y S T E M  ---------------

OS:DISTRIB_ID=Zorin
DISTRIB_RELEASE=15
DISTRIB_CODENAME=bionic
DISTRIB_DESCRIPTION="Zorin OS 15.3"

uname:Linux 5.4.0-90-generic #101~18.04.1-Ubuntu SMP Fri Oct 22 09:25:04 UTC 2021 x86_64
libc:glibc 2.28 NPTL 2.28 
rlimit: STACK 8192k, CORE 0k, NPROC 30966, NOFILE 1048576, AS infinity
load average:2.29 1.30 1.15

/proc/meminfo:
MemTotal:        8000596 kB
MemFree:         1334724 kB
MemAvailable:    3593560 kB
Buffers:          268752 kB
Cached:          2324076 kB
SwapCached:            0 kB
Active:          4710032 kB
Inactive:         980716 kB
Active(anon):    3229856 kB
Inactive(anon):    59996 kB
Active(file):    1480176 kB
Inactive(file):   920720 kB
Unevictable:      129988 kB
Mlocked:             300 kB
SwapTotal:      15624188 kB
SwapFree:       15624188 kB
Dirty:             85244 kB
Writeback:             0 kB
AnonPages:       3228052 kB
Mapped:           776720 kB
Shmem:            191924 kB
KReclaimable:     166412 kB
Slab:             408008 kB
SReclaimable:     166412 kB
SUnreclaim:       241596 kB
KernelStack:      181608 kB
PageTables:       103288 kB
NFS_Unstable:          0 kB
Bounce:                0 kB
WritebackTmp:          0 kB
CommitLimit:    19624484 kB
Committed_AS:   21749900 kB
VmallocTotal:   34359738367 kB
VmallocUsed:      223700 kB
VmallocChunk:          0 kB
Percpu:             2816 kB
HardwareCorrupted:     0 kB
AnonHugePages:         0 kB
ShmemHugePages:        0 kB
ShmemPmdMapped:        0 kB
FileHugePages:         0 kB
FilePmdMapped:         0 kB
CmaTotal:              0 kB
CmaFree:               0 kB
HugePages_Total:       0
HugePages_Free:        0
HugePages_Rsvd:        0
HugePages_Surp:        0
Hugepagesize:       2048 kB
Hugetlb:               0 kB
DirectMap4k:      545120 kB
DirectMap2M:     7692288 kB
DirectMap1G:           0 kB

container (cgroup) information:
container_type: cgroupv1
cpu_cpuset_cpus: 0-7
cpu_memory_nodes: 0
active_processor_count: 8
cpu_quota: -1
cpu_period: 100000
cpu_shares: -1
memory_limit_in_bytes: -1
memory_and_swap_limit_in_bytes: -2
memory_soft_limit_in_bytes: -1
memory_usage_in_bytes: 5960790016
memory_max_usage_in_bytes: 0


CPU:total 8 (initial active 8) (4 cores per cpu, 2 threads per core) family 6 model 158 stepping 10, cmov, cx8, fxsr, mmx, sse, sse2, sse3, ssse3, sse4.1, sse4.2, popcnt, avx, avx2, aes, clmul, erms, 3dnowpref, lzcnt, ht, tsc, tscinvbit, bmi1, bmi2, adx

/proc/cpuinfo:
processor	: 0
vendor_id	: GenuineIntel
cpu family	: 6
model		: 158
model name	: Intel(R) Core(TM) i5-8300H CPU @ 2.30GHz
stepping	: 10
microcode	: 0xea
cpu MHz		: 2300.001
cache size	: 8192 KB
physical id	: 0
siblings	: 8
core id		: 0
cpu cores	: 4
apicid		: 0
initial apicid	: 0
fpu		: yes
fpu_exception	: yes
cpuid level	: 22
wp		: yes
flags		: fpu vme de pse tsc msr pae mce cx8 apic sep mtrr pge mca cmov pat pse36 clflush dts acpi mmx fxsr sse sse2 ss ht tm pbe syscall nx pdpe1gb rdtscp lm constant_tsc art arch_perfmon pebs bts rep_good nopl xtopology nonstop_tsc cpuid aperfmperf pni pclmulqdq dtes64 monitor ds_cpl vmx est tm2 ssse3 sdbg fma cx16 xtpr pdcm pcid sse4_1 sse4_2 x2apic movbe popcnt tsc_deadline_timer aes xsave avx f16c rdrand lahf_lm abm 3dnowprefetch cpuid_fault epb invpcid_single pti ssbd ibrs ibpb stibp tpr_shadow vnmi flexpriority ept vpid ept_ad fsgsbase tsc_adjust bmi1 avx2 smep bmi2 erms invpcid mpx rdseed adx smap clflushopt intel_pt xsaveopt xsavec xgetbv1 xsaves dtherm ida arat pln pts hwp hwp_notify hwp_act_window hwp_epp md_clear flush_l1d
bugs		: cpu_meltdown spectre_v1 spectre_v2 spec_store_bypass l1tf mds swapgs itlb_multihit srbds
bogomips	: 4599.93
clflush size	: 64
cache_alignment	: 64
address sizes	: 39 bits physical, 48 bits virtual
power management:

processor	: 1
vendor_id	: GenuineIntel
cpu family	: 6
model		: 158
model name	: Intel(R) Core(TM) i5-8300H CPU @ 2.30GHz
stepping	: 10
microcode	: 0xea
cpu MHz		: 2300.002
cache size	: 8192 KB
physical id	: 0
siblings	: 8
core id		: 1
cpu cores	: 4
apicid		: 2
initial apicid	: 2
fpu		: yes
fpu_exception	: yes
cpuid level	: 22
wp		: yes
flags		: fpu vme de pse tsc msr pae mce cx8 apic sep mtrr pge mca cmov pat pse36 clflush dts acpi mmx fxsr sse sse2 ss ht tm pbe syscall nx pdpe1gb rdtscp lm constant_tsc art arch_perfmon pebs bts rep_good nopl xtopology nonstop_tsc cpuid aperfmperf pni pclmulqdq dtes64 monitor ds_cpl vmx est tm2 ssse3 sdbg fma cx16 xtpr pdcm pcid sse4_1 sse4_2 x2apic movbe popcnt tsc_deadline_timer aes xsave avx f16c rdrand lahf_lm abm 3dnowprefetch cpuid_fault epb invpcid_single pti ssbd ibrs ibpb stibp tpr_shadow vnmi flexpriority ept vpid ept_ad fsgsbase tsc_adjust bmi1 avx2 smep bmi2 erms invpcid mpx rdseed adx smap clflushopt intel_pt xsaveopt xsavec xgetbv1 xsaves dtherm arat pln pts hwp hwp_notify hwp_act_window hwp_epp md_clear flush_l1d
bugs		: cpu_meltdown spectre_v1 spectre_v2 spec_store_bypass l1tf mds swapgs itlb_multihit srbds
bogomips	: 4599.93
clflush size	: 64
cache_alignment	: 64
address sizes	: 39 bits physical, 48 bits virtual
power management:

processor	: 2
vendor_id	: GenuineIntel
cpu family	: 6
model		: 158
model name	: Intel(R) Core(TM) i5-8300H CPU @ 2.30GHz
stepping	: 10
microcode	: 0xea
cpu MHz		: 2299.999
cache size	: 8192 KB
physical id	: 0
siblings	: 8
core id		: 2
cpu cores	: 4
apicid		: 4
initial apicid	: 4
fpu		: yes
fpu_exception	: yes
cpuid level	: 22
wp		: yes
flags		: fpu vme de pse tsc msr pae mce cx8 apic sep mtrr pge mca cmov pat pse36 clflush dts acpi mmx fxsr sse sse2 ss ht tm pbe syscall nx pdpe1gb rdtscp lm constant_tsc art arch_perfmon pebs bts rep_good nopl xtopology nonstop_tsc cpuid aperfmperf pni pclmulqdq dtes64 monitor ds_cpl vmx est tm2 ssse3 sdbg fma cx16 xtpr pdcm pcid sse4_1 sse4_2 x2apic movbe popcnt tsc_deadline_timer aes xsave avx f16c rdrand lahf_lm abm 3dnowprefetch cpuid_fault epb invpcid_single pti ssbd ibrs ibpb stibp tpr_shadow vnmi flexpriority ept vpid ept_ad fsgsbase tsc_adjust bmi1 avx2 smep bmi2 erms invpcid mpx rdseed adx smap clflushopt intel_pt xsaveopt xsavec xgetbv1 xsaves dtherm arat pln pts hwp hwp_notify hwp_act_window hwp_epp md_clear flush_l1d
bugs		: cpu_meltdown spectre_v1 spectre_v2 spec_store_bypass l1tf mds swapgs itlb_multihit srbds
bogomips	: 4599.93
clflush size	: 64
cache_alignment	: 64
address sizes	: 39 bits physical, 48 bits virtual
power management:

processor	: 3
vendor_id	: GenuineIntel
cpu family	: 6
model		: 158
model name	: Intel(R) Core(TM) i5-8300H CPU @ 2.30GHz
stepping	: 10
microcode	: 0xea
cpu MHz		: 2300.000
cache size	: 8192 KB
physical id	: 0
siblings	: 8
core id		: 3
cpu cores	: 4
apicid		: 6
initial apicid	: 6
fpu		: yes
fpu_exception	: yes
cpuid level	: 22
wp		: yes
flags		: fpu vme de pse tsc msr pae mce cx8 apic sep mtrr pge mca cmov pat pse36 clflush dts acpi mmx fxsr sse sse2 ss ht tm pbe syscall nx pdpe1gb rdtscp lm constant_tsc art arch_perfmon pebs bts rep_good nopl xtopology nonstop_tsc cpuid aperfmperf pni pclmulqdq dtes64 monitor ds_cpl vmx est tm2 ssse3 sdbg fma cx16 xtpr pdcm pcid sse4_1 sse4_2 x2apic movbe popcnt tsc_deadline_timer aes xsave avx f16c rdrand lahf_lm abm 3dnowprefetch cpuid_fault epb invpcid_single pti ssbd ibrs ibpb stibp tpr_shadow vnmi flexpriority ept vpid ept_ad fsgsbase tsc_adjust bmi1 avx2 smep bmi2 erms invpcid mpx rdseed adx smap clflushopt intel_pt xsaveopt xsavec xgetbv1 xsaves dtherm arat pln pts hwp hwp_notify hwp_act_window hwp_epp md_clear flush_l1d
bugs		: cpu_meltdown spectre_v1 spectre_v2 spec_store_bypass l1tf mds swapgs itlb_multihit srbds
bogomips	: 4599.93
clflush size	: 64
cache_alignment	: 64
address sizes	: 39 bits physical, 48 bits virtual
power management:

processor	: 4
vendor_id	: GenuineIntel
cpu family	: 6
model		: 158
model name	: Intel(R) Core(TM) i5-8300H CPU @ 2.30GHz
stepping	: 10
microcode	: 0xea
cpu MHz		: 2300.001
cache size	: 8192 KB
physical id	: 0
siblings	: 8
core id		: 0
cpu cores	: 4
apicid		: 1
initial apicid	: 1
fpu		: yes
fpu_exception	: yes
cpuid level	: 22
wp		: yes
flags		: fpu vme de pse tsc msr pae mce cx8 apic sep mtrr pge mca cmov pat pse36 clflush dts acpi mmx fxsr sse sse2 ss ht tm pbe syscall nx pdpe1gb rdtscp lm constant_tsc art arch_perfmon pebs bts rep_good nopl xtopology nonstop_tsc cpuid aperfmperf pni pclmulqdq dtes64 monitor ds_cpl vmx est tm2 ssse3 sdbg fma cx16 xtpr pdcm pcid sse4_1 sse4_2 x2apic movbe popcnt tsc_deadline_timer aes xsave avx f16c rdrand lahf_lm abm 3dnowprefetch cpuid_fault epb invpcid_single pti ssbd ibrs ibpb stibp tpr_shadow vnmi flexpriority ept vpid ept_ad fsgsbase tsc_adjust bmi1 avx2 smep bmi2 erms invpcid mpx rdseed adx smap clflushopt intel_pt xsaveopt xsavec xgetbv1 xsaves dtherm arat pln pts hwp hwp_notify hwp_act_window hwp_epp md_clear flush_l1d
bugs		: cpu_meltdown spectre_v1 spectre_v2 spec_store_bypass l1tf mds swapgs itlb_multihit srbds
bogomips	: 4599.93
clflush size	: 64
cache_alignment	: 64
address sizes	: 39 bits physical, 48 bits virtual
power management:

processor	: 5
vendor_id	: GenuineIntel
cpu family	: 6
model		: 158
model name	: Intel(R) Core(TM) i5-8300H CPU @ 2.30GHz
stepping	: 10
microcode	: 0xea
cpu MHz		: 2300.000
cache size	: 8192 KB
physical id	: 0
siblings	: 8
core id		: 1
cpu cores	: 4
apicid		: 3
initial apicid	: 3
fpu		: yes
fpu_exception	: yes
cpuid level	: 22
wp		: yes
flags		: fpu vme de pse tsc msr pae mce cx8 apic sep mtrr pge mca cmov pat pse36 clflush dts acpi mmx fxsr sse sse2 ss ht tm pbe syscall nx pdpe1gb rdtscp lm constant_tsc art arch_perfmon pebs bts rep_good nopl xtopology nonstop_tsc cpuid aperfmperf pni pclmulqdq dtes64 monitor ds_cpl vmx est tm2 ssse3 sdbg fma cx16 xtpr pdcm pcid sse4_1 sse4_2 x2apic movbe popcnt tsc_deadline_timer aes xsave avx f16c rdrand lahf_lm abm 3dnowprefetch cpuid_fault epb invpcid_single pti ssbd ibrs ibpb stibp tpr_shadow vnmi flexpriority ept vpid ept_ad fsgsbase tsc_adjust bmi1 avx2 smep bmi2 erms invpcid mpx rdseed adx smap clflushopt intel_pt xsaveopt xsavec xgetbv1 xsaves dtherm arat pln pts hwp hwp_notify hwp_act_window hwp_epp md_clear flush_l1d
bugs		: cpu_meltdown spectre_v1 spectre_v2 spec_store_bypass l1tf mds swapgs itlb_multihit srbds
bogomips	: 4599.93
clflush size	: 64
cache_alignment	: 64
address sizes	: 39 bits physical, 48 bits virtual
power management:

processor	: 6
vendor_id	: GenuineIntel
cpu family	: 6
model		: 158
model name	: Intel(R) Core(TM) i5-8300H CPU @ 2.30GHz
stepping	: 10
microcode	: 0xea
cpu MHz		: 2300.000
cache size	: 8192 KB
physical id	: 0
siblings	: 8
core id		: 2
cpu cores	: 4
apicid		: 5
initial apicid	: 5
fpu		: yes
fpu_exception	: yes
cpuid level	: 22
wp		: yes
flags		: fpu vme de pse tsc msr pae mce cx8 apic sep mtrr pge mca cmov pat pse36 clflush dts acpi mmx fxsr sse sse2 ss ht tm pbe syscall nx pdpe1gb rdtscp lm constant_tsc art arch_perfmon pebs bts rep_good nopl xtopology nonstop_tsc cpuid aperfmperf pni pclmulqdq dtes64 monitor ds_cpl vmx est tm2 ssse3 sdbg fma cx16 xtpr pdcm pcid sse4_1 sse4_2 x2apic movbe popcnt tsc_deadline_timer aes xsave avx f16c rdrand lahf_lm abm 3dnowprefetch cpuid_fault epb invpcid_single pti ssbd ibrs ibpb stibp tpr_shadow vnmi flexpriority ept vpid ept_ad fsgsbase tsc_adjust bmi1 avx2 smep bmi2 erms invpcid mpx rdseed adx smap clflushopt intel_pt xsaveopt xsavec xgetbv1 xsaves dtherm arat pln pts hwp hwp_notify hwp_act_window hwp_epp md_clear flush_l1d
bugs		: cpu_meltdown spectre_v1 spectre_v2 spec_store_bypass l1tf mds swapgs itlb_multihit srbds
bogomips	: 4599.93
clflush size	: 64
cache_alignment	: 64
address sizes	: 39 bits physical, 48 bits virtual
power management:

processor	: 7
vendor_id	: GenuineIntel
cpu family	: 6
model		: 158
model name	: Intel(R) Core(TM) i5-8300H CPU @ 2.30GHz
stepping	: 10
microcode	: 0xea
cpu MHz		: 2299.998
cache size	: 8192 KB
physical id	: 0
siblings	: 8
core id		: 3
cpu cores	: 4
apicid		: 7
initial apicid	: 7
fpu		: yes
fpu_exception	: yes
cpuid level	: 22
wp		: yes
flags		: fpu vme de pse tsc msr pae mce cx8 apic sep mtrr pge mca cmov pat pse36 clflush dts acpi mmx fxsr sse sse2 ss ht tm pbe syscall nx pdpe1gb rdtscp lm constant_tsc art arch_perfmon pebs bts rep_good nopl xtopology nonstop_tsc cpuid aperfmperf pni pclmulqdq dtes64 monitor ds_cpl vmx est tm2 ssse3 sdbg fma cx16 xtpr pdcm pcid sse4_1 sse4_2 x2apic movbe popcnt tsc_deadline_timer aes xsave avx f16c rdrand lahf_lm abm 3dnowprefetch cpuid_fault epb invpcid_single pti ssbd ibrs ibpb stibp tpr_shadow vnmi flexpriority ept vpid ept_ad fsgsbase tsc_adjust bmi1 avx2 smep bmi2 erms invpcid mpx rdseed adx smap clflushopt intel_pt xsaveopt xsavec xgetbv1 xsaves dtherm arat pln pts hwp hwp_notify hwp_act_window hwp_epp md_clear flush_l1d
bugs		: cpu_meltdown spectre_v1 spectre_v2 spec_store_bypass l1tf mds swapgs itlb_multihit srbds
bogomips	: 4599.93
clflush size	: 64
cache_alignment	: 64
address sizes	: 39 bits physical, 48 bits virtual
power management:



Memory: 4k page, physical 8000596k(1334724k free), swap 15624188k(15624188k free)

vm_info: OpenJDK 64-Bit Server VM (25.292-b10) for linux-amd64 JRE (1.8.0_292-8u292-b10-0ubuntu1~18.04-b10), built on Apr 21 2021 11:46:09 by "buildd" with gcc 7.5.0

time: Tue Nov 16 21:47:03 2021
timezone: +07
elapsed time: 0.031821 seconds (0d 0h 0m 0s)

